<?xml version="1.0" encoding="UTF-8"?>
<!-- Generated by org.testng.reporters.JUnitReportReporter -->
<testsuite hostname="LAPTOP-P9UGU7PC" failures="0" tests="2" name="SetUp.TestDemo" time="0.019" errors="0" timestamp="2024-04-28T12:07:52 IST" skipped="0">
  <testcase classname="SetUp.TestDemo" name="test2" time="0.008"/>
  <system-out/>
  <testcase classname="SetUp.TestDemo" name="test1" time="0.011"/>
  <system-out/>
</testsuite> <!-- SetUp.TestDemo -->
